# JRE version: Java(TM) SE Runtime Environment (17.0.8+9) (build 17.0.8+9-LTS-211)
# Java VM: Java HotSpot(TM) 64-Bit Server VM (17.0.8+9-LTS-211, mixed mode, sharing, tiered, compressed oops, compressed class ptrs, g1 gc, windows-amd64)
GC Precious Log:
 CPUs: 8 total, 8 available
 Memory: 8014M
 Large Page Support: Disabled
 NUMA Support: Disabled
 Compressed Oops: Enabled (32-bit)
 Heap Region Size: 1M
 Heap Min Capacity: 256M
 Heap Initial Capacity: 256M
 Heap Max Capacity: 512M
 Pre-touch: Disabled
 Parallel Workers: 8
 Concurrent Workers: 2
 Concurrent Refinement Workers: 8
 Periodic GC: Disabled
Heap:
 garbage-first heap   total 386048K, used 297286K [0x00000000e0000000, 0x0000000100000000)
  region size 1024K, 25 young (25600K), 4 survivors (4096K)
 Metaspace       used 96791K, committed 105216K, reserved 458752K
  class space    used 12884K, committed 15680K, reserved 327680K
GC Heap History (20 events):
Event: 905.767 GC heap before
{Heap before GC invocations=109 (full 0):
 garbage-first heap   total 386048K, used 319488K [0x00000000e0000000, 0x0000000100000000)
  region size 1024K, 58 young (59392K), 8 survivors (8192K)
 Metaspace       used 117259K, committed 119040K, reserved 458752K
  class space    used 15516K, committed 16384K, reserved 327680K
}
Event: 905.777 GC heap after
{Heap after GC invocations=110 (full 0):
 garbage-first heap   total 386048K, used 275361K [0x00000000e0000000, 0x0000000100000000)
  region size 1024K, 7 young (7168K), 7 survivors (7168K)
 Metaspace       used 117259K, committed 119040K, reserved 458752K
  class space    used 15516K, committed 16384K, reserved 327680K
}
Event: 905.969 GC heap before
{Heap before GC invocations=110 (full 0):
 garbage-first heap   total 386048K, used 322465K [0x00000000e0000000, 0x0000000100000000)
  region size 1024K, 53 young (54272K), 7 survivors (7168K)
 Metaspace       used 117259K, committed 119040K, reserved 458752K
  class space    used 15516K, committed 16384K, reserved 327680K
}
Event: 905.979 GC heap after
{Heap after GC invocations=111 (full 0):
 garbage-first heap   total 386048K, used 279287K [0x00000000e0000000, 0x0000000100000000)
  region size 1024K, 5 young (5120K), 5 survivors (5120K)
 Metaspace       used 117259K, committed 119040K, reserved 458752K
  class space    used 15516K, committed 16384K, reserved 327680K
}
Event: 906.252 GC heap before
{Heap before GC invocations=111 (full 0):
 garbage-first heap   total 386048K, used 326391K [0x00000000e0000000, 0x0000000100000000)
  region size 1024K, 51 young (52224K), 5 survivors (5120K)
 Metaspace       used 117264K, committed 119040K, reserved 458752K
  class space    used 15517K, committed 16384K, reserved 327680K
}
Event: 906.259 GC heap after
{Heap after GC invocations=112 (full 0):
 garbage-first heap   total 386048K, used 285737K [0x00000000e0000000, 0x0000000100000000)
  region size 1024K, 7 young (7168K), 7 survivors (7168K)
 Metaspace       used 117264K, committed 119040K, reserved 458752K
  class space    used 15517K, committed 16384K, reserved 327680K
}
Event: 906.420 GC heap before
{Heap before GC invocations=112 (full 0):
 garbage-first heap   total 386048K, used 328745K [0x00000000e0000000, 0x0000000100000000)
  region size 1024K, 49 young (50176K), 7 survivors (7168K)
 Metaspace       used 117267K, committed 119040K, reserved 458752K
  class space    used 15517K, committed 16384K, reserved 327680K
}
Event: 906.427 GC heap after
{Heap after GC invocations=113 (full 0):
 garbage-first heap   total 386048K, used 292036K [0x00000000e0000000, 0x0000000100000000)
  region size 1024K, 7 young (7168K), 7 survivors (7168K)
 Metaspace       used 117267K, committed 119040K, reserved 458752K
  class space    used 15517K, committed 16384K, reserved 327680K
}
Event: 906.626 GC heap before
{Heap before GC invocations=113 (full 0):
 garbage-first heap   total 386048K, used 329924K [0x00000000e0000000, 0x0000000100000000)
  region size 1024K, 44 young (45056K), 7 survivors (7168K)
 Metaspace       used 117300K, committed 119104K, reserved 458752K
  class space    used 15517K, committed 16384K, reserved 327680K
}
Event: 906.631 GC heap after
{Heap after GC invocations=114 (full 0):
 garbage-first heap   total 386048K, used 293084K [0x00000000e0000000, 0x0000000100000000)
  region size 1024K, 4 young (4096K), 4 survivors (4096K)
 Metaspace       used 117300K, committed 119104K, reserved 458752K
  class space    used 15517K, committed 16384K, reserved 327680K
}
Event: 906.785 GC heap before
{Heap before GC invocations=114 (full 0):
 garbage-first heap   total 386048K, used 331996K [0x00000000e0000000, 0x0000000100000000)
  region size 1024K, 42 young (43008K), 4 survivors (4096K)
 Metaspace       used 117300K, committed 119104K, reserved 458752K
  class space    used 15517K, committed 16384K, reserved 327680K
}
Event: 906.790 GC heap after
{Heap after GC invocations=115 (full 0):
 garbage-first heap   total 386048K, used 296131K [0x00000000e0000000, 0x0000000100000000)
  region size 1024K, 6 young (6144K), 6 survivors (6144K)
 Metaspace       used 117300K, committed 119104K, reserved 458752K
  class space    used 15517K, committed 16384K, reserved 327680K
}
Event: 913.723 GC heap before
{Heap before GC invocations=115 (full 0):
 garbage-first heap   total 386048K, used 331971K [0x00000000e0000000, 0x0000000100000000)
  region size 1024K, 42 young (43008K), 6 survivors (6144K)
 Metaspace       used 117933K, committed 119744K, reserved 458752K
  class space    used 15577K, committed 16448K, reserved 327680K
}
Event: 913.733 GC heap after
{Heap after GC invocations=116 (full 0):
 garbage-first heap   total 386048K, used 296149K [0x00000000e0000000, 0x0000000100000000)
  region size 1024K, 3 young (3072K), 3 survivors (3072K)
 Metaspace       used 117933K, committed 119744K, reserved 458752K
  class space    used 15577K, committed 16448K, reserved 327680K
}
Event: 914.714 GC heap before
{Heap before GC invocations=116 (full 0):
 garbage-first heap   total 386048K, used 333013K [0x00000000e0000000, 0x0000000100000000)
  region size 1024K, 40 young (40960K), 3 survivors (3072K)
 Metaspace       used 119853K, committed 121664K, reserved 458752K
  class space    used 15829K, committed 16704K, reserved 327680K
}
Event: 914.724 GC heap after
{Heap after GC invocations=117 (full 0):
 garbage-first heap   total 386048K, used 300107K [0x00000000e0000000, 0x0000000100000000)
  region size 1024K, 5 young (5120K), 5 survivors (5120K)
 Metaspace       used 119853K, committed 121664K, reserved 458752K
  class space    used 15829K, committed 16704K, reserved 327680K
}
Event: 915.308 GC heap before
{Heap before GC invocations=117 (full 0):
 garbage-first heap   total 386048K, used 334923K [0x00000000e0000000, 0x0000000100000000)
  region size 1024K, 39 young (39936K), 5 survivors (5120K)
 Metaspace       used 119854K, committed 121664K, reserved 458752K
  class space    used 15829K, committed 16704K, reserved 327680K
}
Event: 915.326 GC heap after
{Heap after GC invocations=118 (full 0):
 garbage-first heap   total 386048K, used 304885K [0x00000000e0000000, 0x0000000100000000)
  region size 1024K, 5 young (5120K), 5 survivors (5120K)
 Metaspace       used 119854K, committed 121664K, reserved 458752K
  class space    used 15829K, committed 16704K, reserved 327680K
}
Event: 915.709 GC heap before
{Heap before GC invocations=118 (full 0):
 garbage-first heap   total 386048K, used 334581K [0x00000000e0000000, 0x0000000100000000)
  region size 1024K, 35 young (35840K), 5 survivors (5120K)
 Metaspace       used 119869K, committed 121664K, reserved 458752K
  class space    used 15829K, committed 16704K, reserved 327680K
}
Event: 915.722 GC heap after
{Heap after GC invocations=119 (full 0):
 garbage-first heap   total 386048K, used 308550K [0x00000000e0000000, 0x0000000100000000)
  region size 1024K, 4 young (4096K), 4 survivors (4096K)
 Metaspace       used 119869K, committed 121664K, reserved 458752K
  class space    used 15829K, committed 16704K, reserved 327680K
}

