# JRE version: Java(TM) SE Runtime Environment (17.0.8+9) (build 17.0.8+9-LTS-211)
# Java VM: Java HotSpot(TM) 64-Bit Server VM (17.0.8+9-LTS-211, mixed mode, emulated-client, sharing, tiered, compressed oops, compressed class ptrs, g1 gc, windows-amd64)
GC Precious Log:
 CPUs: 8 total, 8 available
 Memory: 8014M
 Large Page Support: Disabled
 NUMA Support: Disabled
 Compressed Oops: Enabled (32-bit)
 Heap Region Size: 1M
 Heap Min Capacity: 8M
 Heap Initial Capacity: 126M
 Heap Max Capacity: 2004M
 Pre-touch: Disabled
 Parallel Workers: 8
 Concurrent Workers: 2
 Concurrent Refinement Workers: 8
 Periodic GC: Disabled
Heap:
 garbage-first heap   total 78848K, used 39955K [0x0000000082c00000, 0x0000000100000000)
  region size 1024K, 1 young (1024K), 1 survivors (1024K)
 Metaspace       used 64960K, committed 65472K, reserved 1114112K
  class space    used 9185K, committed 9408K, reserved 1048576K
GC Heap History (20 events):
Event: 5.062 GC heap after
{Heap after GC invocations=8 (full 0):
 garbage-first heap   total 78848K, used 25654K [0x0000000082c00000, 0x0000000100000000)
  region size 1024K, 5 young (5120K), 5 survivors (5120K)
 Metaspace       used 31394K, committed 31808K, reserved 1114112K
  class space    used 4365K, committed 4544K, reserved 1048576K
}
Event: 5.408 GC heap before
{Heap before GC invocations=8 (full 0):
 garbage-first heap   total 78848K, used 48182K [0x0000000082c00000, 0x0000000100000000)
  region size 1024K, 27 young (27648K), 5 survivors (5120K)
 Metaspace       used 35518K, committed 35968K, reserved 1114112K
  class space    used 4919K, committed 5120K, reserved 1048576K
}
Event: 5.414 GC heap after
{Heap after GC invocations=9 (full 0):
 garbage-first heap   total 78848K, used 27153K [0x0000000082c00000, 0x0000000100000000)
  region size 1024K, 2 young (2048K), 2 survivors (2048K)
 Metaspace       used 35518K, committed 35968K, reserved 1114112K
  class space    used 4919K, committed 5120K, reserved 1048576K
}
Event: 7.019 GC heap before
{Heap before GC invocations=10 (full 0):
 garbage-first heap   total 78848K, used 58897K [0x0000000082c00000, 0x0000000100000000)
  region size 1024K, 33 young (33792K), 2 survivors (2048K)
 Metaspace       used 39189K, committed 39744K, reserved 1114112K
  class space    used 5560K, committed 5824K, reserved 1048576K
}
Event: 7.025 GC heap after
{Heap after GC invocations=11 (full 0):
 garbage-first heap   total 78848K, used 29368K [0x0000000082c00000, 0x0000000100000000)
  region size 1024K, 4 young (4096K), 4 survivors (4096K)
 Metaspace       used 39189K, committed 39744K, reserved 1114112K
  class space    used 5560K, committed 5824K, reserved 1048576K
}
Event: 7.464 GC heap before
{Heap before GC invocations=11 (full 0):
 garbage-first heap   total 78848K, used 60088K [0x0000000082c00000, 0x0000000100000000)
  region size 1024K, 34 young (34816K), 4 survivors (4096K)
 Metaspace       used 42657K, committed 43200K, reserved 1114112K
  class space    used 6103K, committed 6336K, reserved 1048576K
}
Event: 7.470 GC heap after
{Heap after GC invocations=12 (full 0):
 garbage-first heap   total 78848K, used 32023K [0x0000000082c00000, 0x0000000100000000)
  region size 1024K, 5 young (5120K), 5 survivors (5120K)
 Metaspace       used 42657K, committed 43200K, reserved 1114112K
  class space    used 6103K, committed 6336K, reserved 1048576K
}
Event: 7.940 GC heap before
{Heap before GC invocations=12 (full 0):
 garbage-first heap   total 78848K, used 59671K [0x0000000082c00000, 0x0000000100000000)
  region size 1024K, 32 young (32768K), 5 survivors (5120K)
 Metaspace       used 46800K, committed 47296K, reserved 1114112K
  class space    used 6624K, committed 6848K, reserved 1048576K
}
Event: 7.947 GC heap after
{Heap after GC invocations=13 (full 0):
 garbage-first heap   total 78848K, used 35123K [0x0000000082c00000, 0x0000000100000000)
  region size 1024K, 3 young (3072K), 3 survivors (3072K)
 Metaspace       used 46800K, committed 47296K, reserved 1114112K
  class space    used 6624K, committed 6848K, reserved 1048576K
}
Event: 8.511 GC heap before
{Heap before GC invocations=13 (full 0):
 garbage-first heap   total 78848K, used 59699K [0x0000000082c00000, 0x0000000100000000)
  region size 1024K, 28 young (28672K), 3 survivors (3072K)
 Metaspace       used 51230K, committed 51712K, reserved 1114112K
  class space    used 7138K, committed 7360K, reserved 1048576K
}
Event: 8.515 GC heap after
{Heap after GC invocations=14 (full 0):
 garbage-first heap   total 78848K, used 36214K [0x0000000082c00000, 0x0000000100000000)
  region size 1024K, 2 young (2048K), 2 survivors (2048K)
 Metaspace       used 51230K, committed 51712K, reserved 1114112K
  class space    used 7138K, committed 7360K, reserved 1048576K
}
Event: 12.074 GC heap before
{Heap before GC invocations=14 (full 0):
 garbage-first heap   total 78848K, used 60790K [0x0000000082c00000, 0x0000000100000000)
  region size 1024K, 27 young (27648K), 2 survivors (2048K)
 Metaspace       used 53634K, committed 54144K, reserved 1114112K
  class space    used 7512K, committed 7744K, reserved 1048576K
}
Event: 12.079 GC heap after
{Heap after GC invocations=15 (full 0):
 garbage-first heap   total 78848K, used 37282K [0x0000000082c00000, 0x0000000100000000)
  region size 1024K, 3 young (3072K), 3 survivors (3072K)
 Metaspace       used 53634K, committed 54144K, reserved 1114112K
  class space    used 7512K, committed 7744K, reserved 1048576K
}
Event: 13.295 GC heap before
{Heap before GC invocations=16 (full 0):
 garbage-first heap   total 78848K, used 61858K [0x0000000082c00000, 0x0000000100000000)
  region size 1024K, 27 young (27648K), 3 survivors (3072K)
 Metaspace       used 57866K, committed 58432K, reserved 1114112K
  class space    used 8145K, committed 8384K, reserved 1048576K
}
Event: 13.303 GC heap after
{Heap after GC invocations=17 (full 0):
 garbage-first heap   total 78848K, used 40210K [0x0000000082c00000, 0x0000000100000000)
  region size 1024K, 4 young (4096K), 4 survivors (4096K)
 Metaspace       used 57866K, committed 58432K, reserved 1114112K
  class space    used 8145K, committed 8384K, reserved 1048576K
}
Event: 60.776 GC heap before
{Heap before GC invocations=17 (full 0):
 garbage-first heap   total 78848K, used 60690K [0x0000000082c00000, 0x0000000100000000)
  region size 1024K, 25 young (25600K), 4 survivors (4096K)
 Metaspace       used 61049K, committed 61696K, reserved 1114112K
  class space    used 8594K, committed 8896K, reserved 1048576K
}
Event: 60.783 GC heap after
{Heap after GC invocations=18 (full 0):
 garbage-first heap   total 78848K, used 41402K [0x0000000082c00000, 0x0000000100000000)
  region size 1024K, 2 young (2048K), 2 survivors (2048K)
 Metaspace       used 61049K, committed 61696K, reserved 1114112K
  class space    used 8594K, committed 8896K, reserved 1048576K
}
Event: 61.203 GC heap before
{Heap before GC invocations=19 (full 0):
 garbage-first heap   total 78848K, used 61882K [0x0000000082c00000, 0x0000000100000000)
  region size 1024K, 23 young (23552K), 2 survivors (2048K)
 Metaspace       used 64744K, committed 65280K, reserved 1114112K
  class space    used 9158K, committed 9408K, reserved 1048576K
}
Event: 61.207 GC heap after
{Heap after GC invocations=20 (full 0):
 garbage-first heap   total 78848K, used 42938K [0x0000000082c00000, 0x0000000100000000)
  region size 1024K, 3 young (3072K), 3 survivors (3072K)
 Metaspace       used 64744K, committed 65280K, reserved 1114112K
  class space    used 9158K, committed 9408K, reserved 1048576K
}
Event: 61.304 GC heap before
{Heap before GC invocations=20 (full 0):
 garbage-first heap   total 78848K, used 43962K [0x0000000082c00000, 0x0000000100000000)
  region size 1024K, 4 young (4096K), 3 survivors (3072K)
 Metaspace       used 64960K, committed 65472K, reserved 1114112K
  class space    used 9185K, committed 9408K, reserved 1048576K
}

