# JRE version: Java(TM) SE Runtime Environment (17.0.8+9) (build 17.0.8+9-LTS-211)
# Java VM: Java HotSpot(TM) 64-Bit Server VM (17.0.8+9-LTS-211, mixed mode, sharing, tiered, compressed oops, compressed class ptrs, g1 gc, windows-amd64)
GC Precious Log:
 CPUs: 8 total, 8 available
 Memory: 8014M
 Large Page Support: Disabled
 NUMA Support: Disabled
 Compressed Oops: Enabled (32-bit)
 Heap Region Size: 1M
 Heap Min Capacity: 256M
 Heap Initial Capacity: 256M
 Heap Max Capacity: 512M
 Pre-touch: Disabled
 Parallel Workers: 8
 Concurrent Workers: 2
 Concurrent Refinement Workers: 8
 Periodic GC: Disabled
Heap:
 garbage-first heap   total 262144K, used 151336K [0x00000000e0000000, 0x0000000100000000)
  region size 1024K, 117 young (119808K), 1 survivors (1024K)
 Metaspace       used 47228K, committed 47744K, reserved 393216K
  class space    used 6711K, committed 6912K, reserved 327680K
GC Heap History (14 events):
Event: 1.594 GC heap before
{Heap before GC invocations=0 (full 0):
 garbage-first heap   total 262144K, used 26624K [0x00000000e0000000, 0x0000000100000000)
  region size 1024K, 23 young (23552K), 0 survivors (0K)
 Metaspace       used 2086K, committed 2240K, reserved 393216K
  class space    used 222K, committed 320K, reserved 327680K
}
Event: 1.608 GC heap after
{Heap after GC invocations=1 (full 0):
 garbage-first heap   total 262144K, used 10824K [0x00000000e0000000, 0x0000000100000000)
  region size 1024K, 3 young (3072K), 3 survivors (3072K)
 Metaspace       used 2086K, committed 2240K, reserved 393216K
  class space    used 222K, committed 320K, reserved 327680K
}
Event: 2.823 GC heap before
{Heap before GC invocations=1 (full 0):
 garbage-first heap   total 262144K, used 38472K [0x00000000e0000000, 0x0000000100000000)
  region size 1024K, 30 young (30720K), 3 survivors (3072K)
 Metaspace       used 4038K, committed 4224K, reserved 393216K
  class space    used 503K, committed 640K, reserved 327680K
}
Event: 2.833 GC heap after
{Heap after GC invocations=2 (full 0):
 garbage-first heap   total 262144K, used 12014K [0x00000000e0000000, 0x0000000100000000)
  region size 1024K, 2 young (2048K), 2 survivors (2048K)
 Metaspace       used 4038K, committed 4224K, reserved 393216K
  class space    used 503K, committed 640K, reserved 327680K
}
Event: 8.864 GC heap before
{Heap before GC invocations=2 (full 0):
 garbage-first heap   total 262144K, used 119534K [0x00000000e0000000, 0x0000000100000000)
  region size 1024K, 105 young (107520K), 2 survivors (2048K)
 Metaspace       used 18105K, committed 18432K, reserved 393216K
  class space    used 2616K, committed 2752K, reserved 327680K
}
Event: 8.879 GC heap after
{Heap after GC invocations=3 (full 0):
 garbage-first heap   total 262144K, used 22307K [0x00000000e0000000, 0x0000000100000000)
  region size 1024K, 11 young (11264K), 11 survivors (11264K)
 Metaspace       used 18105K, committed 18432K, reserved 393216K
  class space    used 2616K, committed 2752K, reserved 327680K
}
Event: 9.517 GC heap before
{Heap before GC invocations=3 (full 0):
 garbage-first heap   total 262144K, used 47907K [0x00000000e0000000, 0x0000000100000000)
  region size 1024K, 37 young (37888K), 11 survivors (11264K)
 Metaspace       used 21243K, committed 21504K, reserved 393216K
  class space    used 3137K, committed 3264K, reserved 327680K
}
Event: 9.525 GC heap after
{Heap after GC invocations=4 (full 0):
 garbage-first heap   total 262144K, used 24130K [0x00000000e0000000, 0x0000000100000000)
  region size 1024K, 11 young (11264K), 11 survivors (11264K)
 Metaspace       used 21243K, committed 21504K, reserved 393216K
  class space    used 3137K, committed 3264K, reserved 327680K
}
Event: 15.498 GC heap before
{Heap before GC invocations=5 (full 0):
 garbage-first heap   total 262144K, used 150082K [0x00000000e0000000, 0x0000000100000000)
  region size 1024K, 131 young (134144K), 11 survivors (11264K)
 Metaspace       used 35839K, committed 36160K, reserved 393216K
  class space    used 4995K, committed 5120K, reserved 327680K
}
Event: 15.519 GC heap after
{Heap after GC invocations=6 (full 0):
 garbage-first heap   total 262144K, used 33267K [0x00000000e0000000, 0x0000000100000000)
  region size 1024K, 11 young (11264K), 11 survivors (11264K)
 Metaspace       used 35839K, committed 36160K, reserved 393216K
  class space    used 4995K, committed 5120K, reserved 327680K
}
Event: 15.551 GC heap before
{Heap before GC invocations=6 (full 0):
 garbage-first heap   total 262144K, used 34291K [0x00000000e0000000, 0x0000000100000000)
  region size 1024K, 12 young (12288K), 11 survivors (11264K)
 Metaspace       used 35982K, committed 36352K, reserved 393216K
  class space    used 5025K, committed 5184K, reserved 327680K
}
Event: 15.563 GC heap after
{Heap after GC invocations=7 (full 0):
 garbage-first heap   total 262144K, used 33629K [0x00000000e0000000, 0x0000000100000000)
  region size 1024K, 2 young (2048K), 2 survivors (2048K)
 Metaspace       used 35982K, committed 36352K, reserved 393216K
  class space    used 5025K, committed 5184K, reserved 327680K
}
Event: 15.595 GC heap before
{Heap before GC invocations=7 (full 0):
 garbage-first heap   total 262144K, used 34653K [0x00000000e0000000, 0x0000000100000000)
  region size 1024K, 4 young (4096K), 2 survivors (2048K)
 Metaspace       used 36109K, committed 36480K, reserved 393216K
  class space    used 5056K, committed 5248K, reserved 327680K
}
Event: 15.597 GC heap after
{Heap after GC invocations=8 (full 0):
 garbage-first heap   total 262144K, used 32552K [0x00000000e0000000, 0x0000000100000000)
  region size 1024K, 1 young (1024K), 1 survivors (1024K)
 Metaspace       used 36109K, committed 36480K, reserved 393216K
  class space    used 5056K, committed 5248K, reserved 327680K
}

