# JRE version: Java(TM) SE Runtime Environment (17.0.8+9) (build 17.0.8+9-LTS-211)
# Java VM: Java HotSpot(TM) 64-Bit Server VM (17.0.8+9-LTS-211, mixed mode, sharing, tiered, compressed oops, compressed class ptrs, g1 gc, windows-amd64)
GC Precious Log:
 CPUs: 8 total, 8 available
 Memory: 8014M
 Large Page Support: Disabled
 NUMA Support: Disabled
 Compressed Oops: Enabled (32-bit)
 Heap Region Size: 1M
 Heap Min Capacity: 256M
 Heap Initial Capacity: 256M
 Heap Max Capacity: 512M
 Pre-touch: Disabled
 Parallel Workers: 8
 Concurrent Workers: 2
 Concurrent Refinement Workers: 8
 Periodic GC: Disabled
Heap:
 garbage-first heap   total 262144K, used 63990K [0x00000000e0000000, 0x0000000100000000)
  region size 1024K, 52 young (53248K), 12 survivors (12288K)
 Metaspace       used 26023K, committed 26368K, reserved 393216K
  class space    used 3886K, committed 4096K, reserved 327680K
GC Heap History (8 events):
Event: 1.163 GC heap before
{Heap before GC invocations=0 (full 0):
 garbage-first heap   total 262144K, used 26624K [0x00000000e0000000, 0x0000000100000000)
  region size 1024K, 23 young (23552K), 0 survivors (0K)
 Metaspace       used 2095K, committed 2240K, reserved 393216K
  class space    used 222K, committed 320K, reserved 327680K
}
Event: 1.172 GC heap after
{Heap after GC invocations=1 (full 0):
 garbage-first heap   total 262144K, used 10496K [0x00000000e0000000, 0x0000000100000000)
  region size 1024K, 3 young (3072K), 3 survivors (3072K)
 Metaspace       used 2095K, committed 2240K, reserved 393216K
  class space    used 222K, committed 320K, reserved 327680K
}
Event: 2.008 GC heap before
{Heap before GC invocations=1 (full 0):
 garbage-first heap   total 262144K, used 38144K [0x00000000e0000000, 0x0000000100000000)
  region size 1024K, 30 young (30720K), 3 survivors (3072K)
 Metaspace       used 4042K, committed 4224K, reserved 393216K
  class space    used 504K, committed 640K, reserved 327680K
}
Event: 2.012 GC heap after
{Heap after GC invocations=2 (full 0):
 garbage-first heap   total 262144K, used 11756K [0x00000000e0000000, 0x0000000100000000)
  region size 1024K, 2 young (2048K), 2 survivors (2048K)
 Metaspace       used 4042K, committed 4224K, reserved 393216K
  class space    used 504K, committed 640K, reserved 327680K
}
Event: 5.779 GC heap before
{Heap before GC invocations=2 (full 0):
 garbage-first heap   total 262144K, used 122348K [0x00000000e0000000, 0x0000000100000000)
  region size 1024K, 108 young (110592K), 2 survivors (2048K)
 Metaspace       used 18488K, committed 18752K, reserved 393216K
  class space    used 2687K, committed 2816K, reserved 327680K
}
Event: 5.808 GC heap after
{Heap after GC invocations=3 (full 0):
 garbage-first heap   total 262144K, used 22399K [0x00000000e0000000, 0x0000000100000000)
  region size 1024K, 11 young (11264K), 11 survivors (11264K)
 Metaspace       used 18488K, committed 18752K, reserved 393216K
  class space    used 2687K, committed 2816K, reserved 327680K
}
Event: 6.688 GC heap before
{Heap before GC invocations=3 (full 0):
 garbage-first heap   total 262144K, used 44927K [0x00000000e0000000, 0x0000000100000000)
  region size 1024K, 34 young (34816K), 11 survivors (11264K)
 Metaspace       used 21262K, committed 21504K, reserved 393216K
  class space    used 3137K, committed 3264K, reserved 327680K
}
Event: 6.700 GC heap after
{Heap after GC invocations=4 (full 0):
 garbage-first heap   total 262144K, used 24054K [0x00000000e0000000, 0x0000000100000000)
  region size 1024K, 12 young (12288K), 12 survivors (12288K)
 Metaspace       used 21262K, committed 21504K, reserved 393216K
  class space    used 3137K, committed 3264K, reserved 327680K
}

